---
title: part3.3:调度循环
date: 2020-03-21 14:14:00
tags:
  - golang
  - goroutine
categories:
    - golang调度
toc: true
---


- 当go程序初始化到运行```package main```里面的```main```函数,```g0```已经被初始化,g.sched和stack被赋值,当下次切换```Goroutine```的时候,或者说再次调度的时候,
  - 必然要重新使用g0,那么会重新使用g.sched.PC,g.sched.SP?

![修正后调度图](https://raw.githubusercontent.com/zput/myPicLib/master/zput.github.io/20200910134925.png)

## g0栈是否重新使用初始时候mstart1函数的栈

> main.go
```go
package main

import "fmt"

// the function's body is empty
func add(x, y int64) int64

func main() {
    gg:=add(2, 3)
    fmt.Println(gg)
}
```

> add_amd.s
```go
TEXT ·add(SB),$0-24
	MOVQ x+0(FP), BX
	MOVQ y+8(FP), BP
	ADDQ BP, BX
	MOVQ BX, ret+16(FP)
	RET
```

编译一下源代码: ```go build  -gcflags "-N -l" -o test .```.



```go
[root@gitlab kubernets]# gdb test
GNU gdb (GDB) Red Hat Enterprise Linux 7.6.1-119.el7
Copyright (C) 2013 Free Software Foundation, Inc.
License GPLv3+: GNU GPL version 3 or later <http://gnu.org/licenses/gpl.html>
This is free software: you are free to change and redistribute it.
There is NO WARRANTY, to the extent permitted by law.  Type "show copying"
and "show warranty" for details.
This GDB was configured as "x86_64-redhat-linux-gnu".
For bug reporting instructions, please see:
<http://www.gnu.org/software/gdb/bugs/>...
Reading symbols from /tmp/kubernets/test...done.
Loading Go Runtime support.
(gdb) list /usr/lib/golang/src/runtime/asm_amd64.s:294
289	// func mcall(fn func(*g))
290	// Switch to m->g0's stack, call fn(g).
291	// Fn must never return. It should gogo(&g->sched)
292	// to keep running g.
293	TEXT runtime·mcall(SB), NOSPLIT, $0-8
294		MOVQ	fn+0(FP), DI
295
296		get_tls(CX)
297		MOVQ	g(CX), AX	// save state in g->sched
298		MOVQ	0(SP), BX	// caller's PC
(gdb)
299		MOVQ	BX, (g_sched+gobuf_pc)(AX)
300		LEAQ	fn+0(FP), BX	// caller's SP
301		MOVQ	BX, (g_sched+gobuf_sp)(AX)
302		MOVQ	AX, (g_sched+gobuf_g)(AX)
303		MOVQ	BP, (g_sched+gobuf_bp)(AX)
304
305		// switch to m->g0 & its stack, call fn
306		MOVQ	g(CX), BX
307		MOVQ	g_m(BX), BX
308		MOVQ	m_g0(BX), SI
(gdb)
309		CMPQ	SI, AX	// if g == m->g0 call badmcall
310		JNE	3(PC)
311		MOVQ	$runtime·badmcall(SB), AX
312		JMP	AX
313		MOVQ	SI, g(CX)	// g = m->g0
314		MOVQ	(g_sched+gobuf_sp)(SI), SP	// sp = m->g0->sched.sp
315		PUSHQ	AX
316		MOVQ	DI, DX
317		MOVQ	0(DI), DI
318		CALL	DI
(gdb)
319		POPQ	AX
320		MOVQ	$runtime·badmcall2(SB), AX
321		JMP	AX
322		RET
323
324	// systemstack_switch is a dummy routine that systemstack leaves at the bottom
325	// of the G stack. We need to distinguish the routine that
326	// lives at the bottom of the G stack from the one that lives
327	// at the top of the system stack because the one at the top of
328	// the system stack terminates the stack walk (see topofstack()).
(gdb) b 318
Breakpoint 1 at 0x44b229: file /usr/lib/golang/src/runtime/asm_amd64.s, line 318.
(gdb) c
The program is not being run.
(gdb) run
Starting program: /tmp/kubernets/test
[New LWP 29827]
[Switching to LWP 29827]

Breakpoint 1, runtime.mcall () at /usr/lib/golang/src/runtime/asm_amd64.s:318
318		CALL	DI
(gdb) info register rbp rsp pc
rbp            0xc000030fa0	0xc000030fa0
rsp            0xc000045fd0	0xc000045fd0
pc             0x44b229	0x44b229 <runtime.mcall+89>
(gdb) disas
Dump of assembler code for function runtime.mcall:
   0x000000000044b1d0 <+0>:	mov    0x8(%rsp),%rdi
   0x000000000044b1d5 <+5>:	mov    %fs:0xfffffffffffffff8,%rax
   0x000000000044b1de <+14>:	mov    (%rsp),%rbx
   0x000000000044b1e2 <+18>:	mov    %rbx,0x40(%rax)
   0x000000000044b1e6 <+22>:	lea    0x8(%rsp),%rbx
   0x000000000044b1eb <+27>:	mov    %rbx,0x38(%rax)
   0x000000000044b1ef <+31>:	mov    %rax,0x48(%rax)
   0x000000000044b1f3 <+35>:	mov    %rbp,0x68(%rax)
   0x000000000044b1f7 <+39>:	mov    %fs:0xfffffffffffffff8,%rbx
   0x000000000044b200 <+48>:	mov    0x30(%rbx),%rbx
   0x000000000044b204 <+52>:	mov    (%rbx),%rsi
   0x000000000044b207 <+55>:	cmp    %rax,%rsi
   0x000000000044b20a <+58>:	jne    0x44b215 <runtime.mcall+69>
   0x000000000044b20c <+60>:	lea    -0x23343(%rip),%rax        # 0x427ed0 <runtime.badmcall>
   0x000000000044b213 <+67>:	jmpq   *%rax
   0x000000000044b215 <+69>:	mov    %rsi,%fs:0xfffffffffffffff8
   0x000000000044b21e <+78>:	mov    0x38(%rsi),%rsp
   0x000000000044b222 <+82>:	push   %rax
   0x000000000044b223 <+83>:	mov    %rdi,%rdx
   0x000000000044b226 <+86>:	mov    (%rdi),%rdi
=> 0x000000000044b229 <+89>:	callq  *%rdi
   0x000000000044b22b <+91>:	pop    %rax // callq的下一个指令 0x000000000044b22b -------------------here
   0x000000000044b22c <+92>:	lea    -0x23323(%rip),%rax        # 0x427f10 <runtime.badmcall2>
   0x000000000044b233 <+99>:	jmpq   *%rax
   0x000000000044b235 <+101>:	retq
End of assembler dump.
(gdb) step
runtime.park_m (gp=0xc000000780) at /usr/lib/golang/src/runtime/proc.go:2594
2594	func park_m(gp *g) {
(gdb) info register rbp rsp pc
rbp            0xc000030fa0	0xc000030fa0
rsp            0xc000045fc8	0xc000045fc8
pc             0x42d490	0x42d490 <runtime.park_m>
(gdb) x/32xb 0xc000045fc0
0xc000045fc0:	0x80	0x0a	0x00	0x00	0xc0	0x00	0x00	0x00
0xc000045fc8:	0x2b	0xb2	0x44	0x00	0x00	0x00	0x00	0x00 // 0x000000000044b22b -------------------here
0xc000045fd0:	0x80	0x07	0x00	0x00	0xc0	0x00	0x00	0x00
0xc000045fd8:	0x00	0x00	0x00	0x00	0x00	0x00	0x00	0x00
(gdb) disas
Dump of assembler code for function runtime.park_m:
=> 0x000000000042d490 <+0>:	    mov    %fs:0xfffffffffffffff8,%rcx
   0x000000000042d499 <+9>:	    cmp    0x10(%rcx),%rsp
   0x000000000042d49d <+13>:	jbe    0x42d642 <runtime.park_m+434> //判断是否越界
   0x000000000042d4a3 <+19>:	sub    $0x28,%rsp
   0x000000000042d4a7 <+23>:	mov    %rbp,0x20(%rsp)
   0x000000000042d4ac <+28>:	lea    0x20(%rsp),%rbp
   0x000000000042d4b1 <+33>:	mov    %fs:0xfffffffffffffff8,%rax
   0x000000000042d4ba <+42>:	mov    %rax,0x18(%rsp)
   0x000000000042d4bf <+47>:	cmpb   $0x0,0xaf4ca(%rip)        # 0x4dc990 <runtime.trace+16>
   0x000000000042d4c6 <+54>:	jne    0x42d61e <runtime.park_m+398>
---Type <return> to continue, or q <return> to quit---q
Quit
(gdb)
```


从----here可以看出来,当使用mcall<Switch to m->g0's stack>,只是使用了g0的栈,没有用g.sched.pc,而是用的mcall里面的```callq的下一个指令 0x000000000044b22b -------------------here```

> 文件```src/runtime/proc.go```

```go
// park continuation on g0.
func park_m(gp *g) {
	_g_ := getg()

	if trace.enabled {
		traceGoPark(_g_.m.waittraceev, _g_.m.waittraceskip)
	}

	casgstatus(gp, _Grunning, _Gwaiting)
	dropg()

	if fn := _g_.m.waitunlockf; fn != nil {
		ok := fn(gp, _g_.m.waitlock)
		_g_.m.waitunlockf = nil
		_g_.m.waitlock = nil
		if !ok {
			if trace.enabled {
				traceGoUnpark(gp, 2)
			}
			casgstatus(gp, _Gwaiting, _Grunnable)
			execute(gp, true) // Schedule it back, never returns.
		}
	}
	schedule()
}
```



## 每个线程对应g0中g0.sched.SP会一直改变?

> 在初始化后就不会改变了,下次调度,直接把```g0.sched.SP```重新赋值给寄存器```SP```.

```go
type g struct {
    //...
    sched          gobuf
    //...
}

type gobuf struct {
	sp   uintptr   -------------------------------here
	pc   uintptr
	g    guintptr
	ctxt unsafe.Pointer
	ret  sys.Uintreg
	lr   uintptr
	bp   uintptr // for GOEXPERIMENT=framepointer
}
```


### 示例:


#### 实践想法
- 有两个go关键字运行起来的Goroutine
  - 当main goroutine睡眠的时候----[切换到g0栈]----->其中一个Goroutine----[切换到g0栈]-->另一个Goroutine或者main goroutine
    - 所以只要看下这个切换的时候,mcall函数中(具体可看part2中:非main goroutine退出)```MOVQ	(g_sched+gobuf_sp)(SI), SP```是否一直不变

```go
// func mcall(fn func(*g))   
// Switch to m->g0's stack, call fn(g).    ------------------------here
TEXT runtime·mcall(SB), NOSPLIT, $0-8
	MOVQ	fn+0(FP), DI

	get_tls(CX)
	MOVQ	g(CX), AX	// save state in g->sched
	MOVQ	0(SP), BX	// caller's PC
	MOVQ	BX, (g_sched+gobuf_pc)(AX)
	LEAQ	fn+0(FP), BX	// caller's SP
	MOVQ	BX, (g_sched+gobuf_sp)(AX)
	MOVQ	AX, (g_sched+gobuf_g)(AX)
	MOVQ	BP, (g_sched+gobuf_bp)(AX)

	// switch to m->g0 & its stack, call fn
	MOVQ	g(CX), BX
	MOVQ	g_m(BX), BX
	MOVQ	m_g0(BX), SI
	CMPQ	SI, AX	// if g == m->g0 call badmcall
	JNE	3(PC)
	MOVQ	$runtime·badmcall(SB), AX
	JMP	AX
	MOVQ	SI, g(CX)	// g = m->g0
	MOVQ	(g_sched+gobuf_sp)(SI), SP	// sp = m->g0->sched.sp   -------------------here
	PUSHQ	AX
	MOVQ	DI, DX
	MOVQ	0(DI), DI
	CALL	DI
	POPQ	AX
	MOVQ	$runtime·badmcall2(SB), AX
	JMP	AX
    RET
```


#### 定义程序

> main.go
```go
package main

import (
        "runtime"
        "sync/atomic"
)

var existFlag int32 = 2

// the function's body is empty
func addAssemble(x, y int64) int64

func add(a int64){
        addAssemble(a, a)
        atomic.AddInt32(&existFlag, -1)
}

func main() {
        runtime.GOMAXPROCS(1)
        go add(1)
        go add(2)

        for {
                if atomic.LoadInt32(&existFlag) <=0{
                        break
                }
                runtime.Gosched()
        }
}
```

> add_amd.s
```go
TEXT ·addAssemble(SB),$0-24
	MOVQ x+0(FP), BX
	MOVQ y+8(FP), BP
	ADDQ BP, BX
	MOVQ BX, ret+16(FP)
	RET
```

#### gdb调试前准备

##### 编译程序
编译一下源代码: ```go build  -gcflags "-N -l" -o test .```.

##### 准备mcall函数断点的文件

- gdb
  - ```list /usr/lib/golang/src/runtime/asm_amd64.s:300```
  - ```list /tmp/kubernets/test_goroutine/add_amd.s:1```

##### gdb调试自定义函数

```gdb
define zxc
info threads
info register rbp rsp pc
step
continue
end
```


#### gdb

```sh
[root@gitlab test_goroutine]# gdb ./test
GNU gdb (GDB) Red Hat Enterprise Linux 7.6.1-119.el7
Copyright (C) 2013 Free Software Foundation, Inc.
License GPLv3+: GNU GPL version 3 or later <http://gnu.org/licenses/gpl.html>
This is free software: you are free to change and redistribute it.
There is NO WARRANTY, to the extent permitted by law.  Type "show copying"
and "show warranty" for details.
This GDB was configured as "x86_64-redhat-linux-gnu".
For bug reporting instructions, please see:
<http://www.gnu.org/software/gdb/bugs/>...
Reading symbols from /tmp/kubernets/test_goroutine/test...done.
Loading Go Runtime support.
(gdb) list /usr/lib/golang/src/runtime/asm_amd64.s:300
295
296		get_tls(CX)
297		MOVQ	g(CX), AX	// save state in g->sched
298		MOVQ	0(SP), BX	// caller's PC
299		MOVQ	BX, (g_sched+gobuf_pc)(AX)
300		LEAQ	fn+0(FP), BX	// caller's SP
301		MOVQ	BX, (g_sched+gobuf_sp)(AX)
302		MOVQ	AX, (g_sched+gobuf_g)(AX)
303		MOVQ	BP, (g_sched+gobuf_bp)(AX)
304
(gdb)
305		// switch to m->g0 & its stack, call fn
306		MOVQ	g(CX), BX
307		MOVQ	g_m(BX), BX
308		MOVQ	m_g0(BX), SI
309		CMPQ	SI, AX	// if g == m->g0 call badmcall
310		JNE	3(PC)
311		MOVQ	$runtime·badmcall(SB), AX
312		JMP	AX
313		MOVQ	SI, g(CX)	// g = m->g0
314		MOVQ	(g_sched+gobuf_sp)(SI), SP	// sp = m->g0->sched.sp
(gdb)
315		PUSHQ	AX
316		MOVQ	DI, DX
317		MOVQ	0(DI), DI
318		CALL	DI
319		POPQ	AX
320		MOVQ	$runtime·badmcall2(SB), AX
321		JMP	AX
322		RET
323
324	// systemstack_switch is a dummy routine that systemstack leaves at the bottom
(gdb) b 318
Breakpoint 1 at 0x44a2c9: file /usr/lib/golang/src/runtime/asm_amd64.s, line 318.
(gdb) define zxc
Type commands for definition of "zxc".
End with a line saying just "end".
>info threads
>info register rbp rsp pc
>step
>continue
>end
(gdb) zxc
No threads.
The program has no registers now.
(gdb) run
Starting program: /tmp/kubernets/test_goroutine/./test

Breakpoint 1, runtime.mcall () at /usr/lib/golang/src/runtime/asm_amd64.s:318
318		CALL	DI
(gdb) zxc
  Id   Target Id         Frame
* 1    LWP 18958 "test"  runtime.mcall () at /usr/lib/golang/src/runtime/asm_amd64.s:318
rbp            0xc000030660	0xc000030660
rsp            0x7fffffffe440	0x7fffffffe440
pc             0x44a2c9	0x44a2c9 <runtime.mcall+89>
runtime.park_m (gp=0xc000000300) at /usr/lib/golang/src/runtime/proc.go:2594
2594	func park_m(gp *g) {
[New LWP 19129]
[Switching to LWP 19129]

Breakpoint 1, runtime.mcall () at /usr/lib/golang/src/runtime/asm_amd64.s:318
318		CALL	DI
(gdb)
  Id   Target Id         Frame
* 2    LWP 19129 "test"  runtime.mcall () at /usr/lib/golang/src/runtime/asm_amd64.s:318                ------------------here
  1    LWP 18958 "test"  runtime.futex () at /usr/lib/golang/src/runtime/sys_linux_amd64.s:536
rbp            0xc000031f30	0xc000031f30
rsp            0xc00003ffd0	0xc00003ffd0         ------------------here
pc             0x44a2c9	0x44a2c9 <runtime.mcall+89>
runtime.park_m (gp=0xc000000d80) at /usr/lib/golang/src/runtime/proc.go:2594
2594	func park_m(gp *g) {
[Switching to LWP 18958]

Breakpoint 1, runtime.mcall () at /usr/lib/golang/src/runtime/asm_amd64.s:318
318		CALL	DI
(gdb)
  Id   Target Id         Frame
  2    LWP 19129 "test"  runtime.futex () at /usr/lib/golang/src/runtime/sys_linux_amd64.s:536
* 1    LWP 18958 "test"  runtime.mcall () at /usr/lib/golang/src/runtime/asm_amd64.s:318
rbp            0xc000030660	0xc000030660
rsp            0x7fffffffe440	0x7fffffffe440
pc             0x44a2c9	0x44a2c9 <runtime.mcall+89>
runtime.park_m (gp=0xc000000300) at /usr/lib/golang/src/runtime/proc.go:2594
2594	func park_m(gp *g) {
[Switching to LWP 19129]

Breakpoint 1, runtime.mcall () at /usr/lib/golang/src/runtime/asm_amd64.s:318
318		CALL	DI
(gdb)
  Id   Target Id         Frame
* 2    LWP 19129 "test"  runtime.mcall () at /usr/lib/golang/src/runtime/asm_amd64.s:318               ------------------here
  1    LWP 18958 "test"  runtime.futex () at /usr/lib/golang/src/runtime/sys_linux_amd64.s:536
rbp            0xc000031798	0xc000031798
rsp            0xc00003ffd0	0xc00003ffd0                           ------------------here
pc             0x44a2c9	0x44a2c9 <runtime.mcall+89>
runtime.park_m (gp=0xc000000c00) at /usr/lib/golang/src/runtime/proc.go:2594
2594	func park_m(gp *g) {
[New LWP 18963]
[Switching to LWP 18963]

Breakpoint 1, runtime.mcall () at /usr/lib/golang/src/runtime/asm_amd64.s:318
318		CALL	DI
(gdb)
  Id   Target Id         Frame
* 3    LWP 18963 "test"  runtime.mcall () at /usr/lib/golang/src/runtime/asm_amd64.s:318
  2    LWP 19129 "test"  runtime.futex () at /usr/lib/golang/src/runtime/sys_linux_amd64.s:536
  1    LWP 18958 "test"  runtime.futex () at /usr/lib/golang/src/runtime/sys_linux_amd64.s:536
rbp            0xc000030fa0	0xc000030fa0
rsp            0xc000045fd0	0xc000045fd0
pc             0x44a2c9	0x44a2c9 <runtime.mcall+89>
runtime.park_m (gp=0xc000000780) at /usr/lib/golang/src/runtime/proc.go:2594
2594	func park_m(gp *g) {
[Switching to LWP 18958]

Breakpoint 1, runtime.mcall () at /usr/lib/golang/src/runtime/asm_amd64.s:318
318		CALL	DI
(gdb)
  Id   Target Id         Frame
  3    LWP 18963 "test"  runtime.futex () at /usr/lib/golang/src/runtime/sys_linux_amd64.s:536
  2    LWP 19129 "test"  runtime.futex () at /usr/lib/golang/src/runtime/sys_linux_amd64.s:536
* 1    LWP 18958 "test"  runtime.mcall () at /usr/lib/golang/src/runtime/asm_amd64.s:318
rbp            0xc000030720	0xc000030720
rsp            0x7fffffffe440	0x7fffffffe440
pc             0x44a2c9	0x44a2c9 <runtime.mcall+89>
runtime.gosched_m (gp=0xc000000300) at /usr/lib/golang/src/runtime/proc.go:2635
2635	func gosched_m(gp *g) {

Breakpoint 1, runtime.mcall () at /usr/lib/golang/src/runtime/asm_amd64.s:318
318		CALL	DI
(gdb)
  Id   Target Id         Frame
  3    LWP 18963 "test"  runtime.futex () at /usr/lib/golang/src/runtime/sys_linux_amd64.s:536
  2    LWP 19129 "test"  runtime.futex () at /usr/lib/golang/src/runtime/sys_linux_amd64.s:536
* 1    LWP 18958 "test"  runtime.mcall () at /usr/lib/golang/src/runtime/asm_amd64.s:318
rbp            0xc000032fc8	0xc000032fc8
rsp            0x7fffffffe440	0x7fffffffe440
pc             0x44a2c9	0x44a2c9 <runtime.mcall+89>
runtime.goexit0 (gp=0xc000001380) at /usr/lib/golang/src/runtime/proc.go:2674
2674	func goexit0(gp *g) {

Breakpoint 1, runtime.mcall () at /usr/lib/golang/src/runtime/asm_amd64.s:318
318		CALL	DI
(gdb)
  Id   Target Id         Frame
  3    LWP 18963 "test"  runtime.futex () at /usr/lib/golang/src/runtime/sys_linux_amd64.s:536
  2    LWP 19129 "test"  runtime.futex () at /usr/lib/golang/src/runtime/sys_linux_amd64.s:536
* 1    LWP 18958 "test"  runtime.mcall () at /usr/lib/golang/src/runtime/asm_amd64.s:318
rbp            0xc0000327c8	0xc0000327c8
rsp            0x7fffffffe440	0x7fffffffe440
pc             0x44a2c9	0x44a2c9 <runtime.mcall+89>
runtime.goexit0 (gp=0xc000001200) at /usr/lib/golang/src/runtime/proc.go:2674
2674	func goexit0(gp *g) {
[LWP 19129 exited]
[LWP 18963 exited]
[Inferior 1 (process 18958) exited normally]
(gdb)
```


- 观察```------------------here```,可以知道每个M有自己的g0,其中的g.sched.SP初始化以后就不会改变
  - 都是```rsp            0xc00003ffd0	0xc00003ffd0```
- 如果不清楚可以看下线程1```* 1    LWP 18958 "test"```
  
```go
//...

  Id   Target Id         Frame
* 2    LWP 19129 "test"  runtime.mcall () at /usr/lib/golang/src/runtime/asm_amd64.s:318                ------------------here
  1    LWP 18958 "test"  runtime.futex () at /usr/lib/golang/src/runtime/sys_linux_amd64.s:536
rbp            0xc000031f30	0xc000031f30
rsp            0xc00003ffd0	0xc00003ffd0         ------------------here
pc             0x44a2c9	0x44a2c9 <runtime.mcall+89>
runtime.park_m (gp=0xc000000d80) at /usr/lib/golang/src/runtime/proc.go:2594
2594	func park_m(gp *g) {
[Switching to LWP 18958]

Breakpoint 1, runtime.mcall () at /usr/lib/golang/src/runtime/asm_amd64.s:318
318		CALL	DI

//...

  Id   Target Id         Frame
* 2    LWP 19129 "test"  runtime.mcall () at /usr/lib/golang/src/runtime/asm_amd64.s:318               ------------------here
  1    LWP 18958 "test"  runtime.futex () at /usr/lib/golang/src/runtime/sys_linux_amd64.s:536
rbp            0xc000031798	0xc000031798
rsp            0xc00003ffd0	0xc00003ffd0                           ------------------here
pc             0x44a2c9	0x44a2c9 <runtime.mcall+89>
runtime.park_m (gp=0xc000000c00) at /usr/lib/golang/src/runtime/proc.go:2594
2594	func park_m(gp *g) {
[New LWP 18963]
[Switching to LWP 18963]

Breakpoint 1, runtime.mcall () at /usr/lib/golang/src/runtime/asm_amd64.s:318
318		CALL	DI

//...
```



![修正后调度图](https://raw.githubusercontent.com/zput/myPicLib/master/zput.github.io/20200910134925.png)














